c:\c++\debug\vc141.pdb
c:\c++\debug\vc141.idb
c:\c++\debug\소스.obj
c:\c++\debug\c++수업.exe
c:\c++\debug\c++수업.ilk
c:\c++\debug\c++수업.pdb
c:\c++\c++class\debug\소스.obj
c:\c++\c++class\debug\c++수업.ilk
c:\c++\c++class\debug\project1.ilk
c:\c++\c++class\debug\vc141.idb
c:\c++\c++class\debug\c++수업.pdb
c:\c++\c++class\debug\project1.pdb
c:\c++\c++class\debug\vc141.pdb
c:\c++\c++class\debug\c++수업.exe
c:\c++\c++class\debug\c++수업.tlog\cl.command.1.tlog
c:\c++\c++class\debug\c++수업.tlog\cl.read.1.tlog
c:\c++\c++class\debug\c++수업.tlog\cl.write.1.tlog
c:\c++\c++class\debug\c++수업.tlog\link.command.1.tlog
c:\c++\c++class\debug\c++수업.tlog\link.read.1.tlog
c:\c++\c++class\debug\c++수업.tlog\link.write.1.tlog
